<?xml version="1.0" encoding="UTF-8"?>
<testsuite xmlns:xsi="http://www.w3.org/2001/XMLSchema-instance" xsi:noNamespaceSchemaLocation="https://maven.apache.org/surefire/maven-surefire-plugin/xsd/surefire-test-report-3.0.xsd" version="3.0" name="UserServiceTest" time="3.94" tests="6" errors="0" skipped="0" failures="0">
  <properties>
[...]
</properties>
  <testcase name="saveUser" classname="UserServiceTest" time="3.628">
    <system-out><![CDATA[Таблица удалена -_-
Таблица создана -0-
User с именем Ivan добавлен
]]></system-out>
  </testcase>
  <testcase name="removeUserById" classname="UserServiceTest" time="0.063">
    <system-out><![CDATA[Таблица удалена -_-
Таблица создана -0-
User с именем Ivan добавлен
Пользоватьель с id 1 удален
]]></system-out>
  </testcase>
  <testcase name="getAllUsers" classname="UserServiceTest" time="0.024">
    <system-out><![CDATA[Таблица удалена -_-
Таблица создана -0-
User с именем Ivan добавлен
]]></system-out>
  </testcase>
  <testcase name="dropUsersTable" classname="UserServiceTest" time="0.015">
    <system-out><![CDATA[Таблица удалена -_-
Таблица удалена -_-
]]></system-out>
  </testcase>
  <testcase name="createUsersTable" classname="UserServiceTest" time="0.024">
    <system-out><![CDATA[Таблица удалена -_-
Таблица создана -0-
]]></system-out>
  </testcase>
  <testcase name="cleanUsersTable" classname="UserServiceTest" time="0.046">
    <system-out><![CDATA[Таблица удалена -_-
Таблица создана -0-
User с именем Ivan добавлен
Таблица очищена
]]></system-out>
  </testcase>
</testsuite>